{"numFailedTestSuites":0,"numFailedTests":0,"numPassedTestSuites":1,"numPassedTests":2,"numPendingTestSuites":0,"numPendingTests":0,"numRuntimeErrorTestSuites":0,"numTodoTests":0,"numTotalTestSuites":1,"numTotalTests":2,"openHandles":[],"snapshot":{"added":0,"didUpdate":false,"failure":false,"filesAdded":0,"filesRemoved":0,"filesRemovedList":[],"filesUnmatched":0,"filesUpdated":0,"matched":0,"total":0,"unchecked":0,"uncheckedKeysByFile":[],"unmatched":0,"updated":0},"startTime":1658153619755,"success":true,"testResults":[{"assertionResults":[{"ancestorTitles":["Button"],"duration":21,"failureMessages":[],"fullName":"Button respects the user-given type attribute","location":null,"status":"passed","title":"respects the user-given type attribute"},{"ancestorTitles":["Button"],"duration":4,"failureMessages":[],"fullName":"Button applies given classes after the component classes","location":null,"status":"passed","title":"applies given classes after the component classes"}],"endTime":1658153622825,"message":"","name":"/Users/skeiter9/Development/Nuvocargo/homeTest/dronocargo-omar_lozada/components/Button.test.tsx","startTime":1658153620186,"status":"passed","summary":""}],"wasInterrupted":false}